<?xml version="1.0" encoding="UTF-8"?>
<!-- Generated by org.testng.reporters.JUnitXMLReporter -->
<testsuite ignored="0" hostname="LAPTOP-MGOFCHQS" failures="1" tests="2" name="TestOnChrome" time="349.94" errors="0" timestamp="2022-06-04T22:25:15 IST">
  <testcase classname="test.TestClass" name="verifyTime_trackTab" time="124.592"/>
  <testcase classname="test.TestClass" name="verifyTaskTab" time="59.147">
    <failure type="java.lang.AssertionError" message="expected [hhdhhdghe] but found [https://online.actitime.com/nh/tasks/tasklist.do]">
      <![CDATA[java.lang.AssertionError: expected [hhdhhdghe] but found [https://online.actitime.com/nh/tasks/tasklist.do]
at test.TestClass.verifyTaskTab(TestClass.java:103)
at java.base/java.util.ArrayList.forEach(ArrayList.java:1541)
... Removed 33 stack frames]]>
    </failure>
  </testcase> <!-- verifyTaskTab -->
</testsuite> <!-- TestOnChrome -->
